0 info it worked if it ends with ok
1 verbose cli [ 'node', '/usr/local/bin/npm', 'instal', 'bodyparser' ]
2 info using npm@2.1.10
3 info using node@v0.10.33
4 verbose node symlink /usr/local/bin/node
5 warn package.json backbone_example_app@1.0.0 No description
6 warn package.json backbone_example_app@1.0.0 No repository field.
7 warn package.json backbone_example_app@1.0.0 No README data
8 silly cache add args [ 'bodyparser', null ]
9 verbose cache add spec bodyparser
10 silly cache add parsed spec { raw: 'bodyparser',
10 silly cache add   scope: null,
10 silly cache add   name: 'bodyparser',
10 silly cache add   rawSpec: '',
10 silly cache add   spec: '*',
10 silly cache add   type: 'range' }
11 verbose addNamed bodyparser@*
12 silly addNamed semver.valid null
13 silly addNamed semver.validRange *
14 silly addNameRange { name: 'bodyparser', range: '*', hasData: false }
15 silly mapToRegistry name bodyparser
16 silly mapToRegistry using default registry
17 silly mapToRegistry registry https://registry.npmjs.org/
18 silly mapToRegistry uri https://registry.npmjs.org/bodyparser
19 verbose addNameRange registry:https://registry.npmjs.org/bodyparser not in flight; fetching
20 verbose request uri https://registry.npmjs.org/bodyparser
21 verbose request no auth needed
22 info attempt registry request try #1 at 21:35:45
23 verbose request id 0139d9682368595b
24 http request GET https://registry.npmjs.org/bodyparser
25 http 404 https://registry.npmjs.org/bodyparser
26 silly get cb [ 404,
26 silly get   { 'content-type': 'application/json',
26 silly get     'cache-control': 'max-age=0',
26 silly get     'content-length': '2',
26 silly get     'accept-ranges': 'bytes',
26 silly get     date: 'Mon, 01 Feb 2016 04:35:45 GMT',
26 silly get     via: '1.1 varnish',
26 silly get     age: '0',
26 silly get     connection: 'keep-alive',
26 silly get     'x-served-by': 'cache-lax1420-LAX',
26 silly get     'x-cache': 'MISS',
26 silly get     'x-cache-hits': '0',
26 silly get     'x-timer': 'S1454301345.166264,VS0,VE196' } ]
27 verbose stack Error: Not Found
27 verbose stack     at errorResponse (/usr/local/lib/node_modules/npm/lib/cache/add-named.js:268:10)
27 verbose stack     at setData (/usr/local/lib/node_modules/npm/lib/cache/add-named.js:211:12)
27 verbose stack     at RES (/usr/local/lib/node_modules/npm/node_modules/inflight/inflight.js:23:14)
27 verbose stack     at f (/usr/local/lib/node_modules/npm/node_modules/once/once.js:17:25)
27 verbose stack     at saved (/usr/local/lib/node_modules/npm/lib/cache/caching-client.js:163:7)
27 verbose stack     at Object.oncomplete (fs.js:107:15)
28 verbose statusCode 404
29 verbose pkgid bodyparser
30 verbose cwd /Users/brianspinos777/Desktop/backbone2016
31 error Darwin 15.2.0
32 error argv "node" "/usr/local/bin/npm" "instal" "bodyparser"
33 error node v0.10.33
34 error npm  v2.1.10
35 error code E404
36 error 404 Not Found
36 error 404
36 error 404 'bodyparser' is not in the npm registry.
36 error 404 You should bug the author to publish it (or use the name yourself!)
36 error 404 It was specified as a dependency of 'backbone_example_app'
36 error 404
36 error 404 Note that you can also install from a
36 error 404 tarball, folder, http url, or git url.
37 verbose exit [ 1, true ]
